Nautilus-Share-Message: Called "net usershare info" but it failed: 'net usershare' returned error 255: net usershare: cannot open usershare directory /var/lib/samba/usershares. Error No such file or directory
Please ask your system administrator to enable user sharing.


(nautilus:2308): GLib-CRITICAL **: Source ID 276 was not found when attempting to remove it

(nautilus:2308): GLib-CRITICAL **: Source ID 277 was not found when attempting to remove it

(nautilus:2308): GLib-CRITICAL **: Source ID 278 was not found when attempting to remove it
gnome-session[1565]: Gdk-WARNING: gnome-session: Fatal IO error 11 (Resource temporarily unavailable) on X server :0.


(nm-applet:2303): Gdk-WARNING **: nm-applet: Fatal IO error 11 (Resource temporarily unavailable) on X server :0.


(telepathy-indicator:2416): Gdk-WARNING **: telepathy-indicator: Fatal IO error 11 (Resource temporarily unavailable) on X server :0.


(update-manager:2610): Gdk-WARNING **: update-manager: Fatal IO error 11 (Resource temporarily unavailable) on X server :0.


(update-notifier:2588): Gdk-WARNING **: update-notifier: Fatal IO error 11 (Resource temporarily unavailable) on X server :0.


(unity-fallback-mount-helper:2304): Gdk-WARNING **: unity-fallback-mount-helper: Fatal IO error 11 (Resource temporarily unavailable) on X server :0.

firefox: Fatal IO error 11 (Resource temporarily unavailable) on X server :0.
gnome-session-is-accelerated: llvmpipe detected.
GNOME_KEYRING_CONTROL=/run/user/1000/keyring-TFsp10
GNOME_KEYRING_PID=1399
GNOME_KEYRING_CONTROL=/run/user/1000/keyring-TFsp10
SSH_AUTH_SOCK=/run/user/1000/keyring-TFsp10/ssh
GNOME_KEYRING_CONTROL=/run/user/1000/keyring-TFsp10
SSH_AUTH_SOCK=/run/user/1000/keyring-TFsp10/ssh
GPG_AGENT_INFO=/run/user/1000/keyring-TFsp10/gpg:0:1
GNOME_KEYRING_CONTROL=/run/user/1000/keyring-TFsp10
SSH_AUTH_SOCK=/run/user/1000/keyring-TFsp10/ssh
GPG_AGENT_INFO=/run/user/1000/keyring-TFsp10/gpg:0:1
compiz (core) - Info: Loading plugin: core
compiz (core) - Info: Starting plugin: core
compiz (core) - Info: Loading plugin: ccp
compiz (core) - Info: Starting plugin: ccp
compizconfig - Info: Backend     : gsettings
compizconfig - Info: Integration : true
compizconfig - Info: Profile     : unity
compiz (core) - Info: Loading plugin: composite
compiz (core) - Info: Starting plugin: composite

** (process:1870): CRITICAL **: bluez.vala:104: GDBus.Error:org.bluez.Error.NoSuchAdapter: No such adapter

(process:1869): indicator-application-service-WARNING **: Unable to get watcher name 'org.kde.StatusNotifierWatcher'

(process:1869): indicator-application-service-WARNING **: Name Lost
compiz (core) - Info: Loading plugin: opengl
compiz (core) - Info: Starting plugin: opengl
compiz (core) - Info: Loading plugin: place
compiz (core) - Info: Starting plugin: place
compiz (core) - Info: Loading plugin: wall
compiz (core) - Info: Starting plugin: wall
compiz (core) - Info: Loading plugin: session
compiz (core) - Info: Starting plugin: session
I/O warning : failed to load external entity "/home/ilya/.compiz/session/106130028133c9febb141469343762356400000013110001"
compiz (core) - Info: Loading plugin: mousepoll
compiz (core) - Info: Starting plugin: mousepoll
compiz (core) - Info: Loading plugin: imgpng
compiz (core) - Info: Starting plugin: imgpng
compiz (core) - Info: Loading plugin: move
compiz (core) - Info: Starting plugin: move
compiz (core) - Info: Loading plugin: snap
compiz (core) - Info: Starting plugin: snap
compiz (core) - Info: Loading plugin: compiztoolbox
compiz (core) - Info: Starting plugin: compiztoolbox
compiz (core) - Info: Loading plugin: vpswitch
compiz (core) - Info: Starting plugin: vpswitch
compiz (core) - Info: Loading plugin: commands
compiz (core) - Info: Starting plugin: commands
compiz (core) - Info: Loading plugin: grid
compiz (core) - Info: Starting plugin: grid
compiz (core) - Info: Loading plugin: copytex
compiz (core) - Info: Starting plugin: copytex
compiz (core) - Info: Loading plugin: regex
compiz (core) - Info: Starting plugin: regex
compiz (core) - Info: Loading plugin: resize
compiz (core) - Info: Starting plugin: resize
compiz (core) - Info: Loading plugin: unitymtgrabhandles

** (nm-applet:1864): CRITICAL **: nm_secret_agent_register: assertion 'priv->registered == FALSE' failed
compiz (core) - Info: Starting plugin: unitymtgrabhandles
compiz (core) - Info: Loading plugin: animation
compiz (core) - Info: Starting plugin: animation
compiz (core) - Info: Loading plugin: workarounds
compiz (core) - Info: Starting plugin: workarounds
compiz (core) - Info: Loading plugin: fade
compiz (core) - Info: Starting plugin: fade
compiz (core) - Info: Loading plugin: expo
compiz (core) - Info: Starting plugin: expo
compiz (core) - Info: Loading plugin: scale
compiz (core) - Info: Starting plugin: scale
compiz (core) - Info: Loading plugin: ezoom
compiz (core) - Info: Starting plugin: ezoom
compiz (core) - Info: Loading plugin: unityshell
compiz (core) - Info: Starting plugin: unityshell
WARN  2014-10-30 18:24:01 unity.screen UScreen.cpp:114 UScreen::GetMonitorName: Failed to get monitor name for monitor0
WARN  2014-10-30 18:24:01 unity.glib.dbus.server GLibDBusServer.cpp:579 Can't register object 'org.gnome.Shell' yet as we don't have a connection, waiting for it...
ERROR 2014-10-30 18:24:01 unity.debug.interface DebugDBusInterface.cpp:216 Unable to load entry point in libxpathselect: libxpathselect.so.1.4: cannot open shared object file: No such file or directory
WARN  2014-10-30 18:24:02 xim.controller XIMController.cpp:103 IBus natively supported.
WARN  2014-10-30 18:24:02 unity.glib.dbus.server GLibDBusServer.cpp:579 Can't register object 'com.canonical.Unity.Launcher' yet as we don't have a connection, waiting for it...
WARN  2014-10-30 18:24:02 unity.glib.dbus.server GLibDBusServer.cpp:579 Can't register object 'com.canonical.Unity.Dash' yet as we don't have a connection, waiting for it...
WARN  2014-10-30 18:24:02 unity.glib.dbus.server GLibDBusServer.cpp:579 Can't register object 'org.gnome.SessionManager.EndSessionDialog' yet as we don't have a connection, waiting for it...
WARN  2014-10-30 18:24:02 unity.glib.dbus.server GLibDBusServer.cpp:579 Can't register object 'com.canonical.Unity.Session' yet as we don't have a connection, waiting for it...
WARN  2014-10-30 18:24:02 unity.glib.dbus.server GLibDBusServer.cpp:579 Can't register object 'org.gnome.ScreenSaver' yet as we don't have a connection, waiting for it...
ERROR 2014-10-30 18:24:02 unity.glib.dbus.server GLibDBusServer.cpp:524 DBus name lost 'org.gnome.Shell'
ERROR 2014-10-30 18:24:02 unity.glib.dbus.server GLibDBusServer.cpp:524 DBus name lost 'com.canonical.Unity'

(nm-applet:1864): nm-applet-WARNING **: Could not find ShellVersion property on org.gnome.Shell after 5 tries

(zeitgeist-datahub:2113): GLib-GObject-WARNING **: invalid (NULL) pointer instance

(zeitgeist-datahub:2113): GLib-GObject-CRITICAL **: g_signal_connect_data: assertion 'G_TYPE_CHECK_INSTANCE (instance)' failed

(process:2382): GLib-CRITICAL **: g_slice_set_config: assertion 'sys_page_size == 0' failed
Nautilus-Share-Message: Called "net usershare info" but it failed: 'net usershare' returned error 255: net usershare: cannot open usershare directory /var/lib/samba/usershares. Error No such file or directory
Please ask your system administrator to enable user sharing.

Nautilus-Share-Message: Called "net usershare info" but it failed: 'net usershare' returned error 255: net usershare: cannot open usershare directory /var/lib/samba/usershares. Error No such file or directory
Please ask your system administrator to enable user sharing.

WARN  2014-10-30 18:27:00 unity.iconloader IconLoader.cpp:755 Unable to load icon file:/// at size -1x22: Can't open directory

(gnome-terminal:2693): GLib-GIO-CRITICAL **: g_settings_get: the format string may not contain '&' (key 'monospace-font-name' from schema 'org.gnome.desktop.interface'). This call will probably stop working with a future version of glib.

(nautilus:1868): GLib-CRITICAL **: Source ID 277 was not found when attempting to remove it

(nautilus:1868): GLib-CRITICAL **: Source ID 278 was not found when attempting to remove it

(nautilus:1868): GLib-CRITICAL **: Source ID 279 was not found when attempting to remove it
gnome-session[1311]: Gdk-WARNING: gnome-session: Fatal IO error 11 (Resource temporarily unavailable) on X server :0.


(nm-applet:1864): Gdk-WARNING **: nm-applet: Fatal IO error 11 (Resource temporarily unavailable) on X server :0.


(gnome-terminal:2693): Gdk-WARNING **: gnome-terminal: Fatal IO error 11 (Resource temporarily unavailable) on X server :0.


(unity-fallback-mount-helper:1865): Gdk-WARNING **: unity-fallback-mount-helper: Fatal IO error 11 (Resource temporarily unavailable) on X server :0.


(telepathy-indicator:2080): Gdk-WARNING **: telepathy-indicator: Fatal IO error 0 (Success) on X server :0.

firefox: Fatal IO error 11 (Resource temporarily unavailable) on X server :0.
gnome-session-is-accelerated: llvmpipe detected.
GNOME_KEYRING_CONTROL=/run/user/1000/keyring-1AxCWa
GNOME_KEYRING_PID=1400
GNOME_KEYRING_CONTROL=/run/user/1000/keyring-1AxCWa
SSH_AUTH_SOCK=/run/user/1000/keyring-1AxCWa/ssh
GNOME_KEYRING_CONTROL=/run/user/1000/keyring-1AxCWa
SSH_AUTH_SOCK=/run/user/1000/keyring-1AxCWa/ssh
GNOME_KEYRING_CONTROL=/run/user/1000/keyring-1AxCWa
SSH_AUTH_SOCK=/run/user/1000/keyring-1AxCWa/ssh
GPG_AGENT_INFO=/run/user/1000/keyring-1AxCWa/gpg:0:1
compiz (core) - Info: Loading plugin: core
compiz (core) - Info: Starting plugin: core
compiz (core) - Info: Loading plugin: ccp
compiz (core) - Info: Starting plugin: ccp
compizconfig - Info: Backend     : gsettings
compizconfig - Info: Integration : true
compizconfig - Info: Profile     : unity
compiz (core) - Info: Loading plugin: composite
compiz (core) - Info: Starting plugin: composite
compiz (core) - Info: Loading plugin: opengl
compiz (core) - Info: Starting plugin: opengl

** (process:1672): CRITICAL **: bluez.vala:104: GDBus.Error:org.bluez.Error.NoSuchAdapter: No such adapter
compiz (core) - Info: Loading plugin: place
compiz (core) - Info: Starting plugin: place
compiz (core) - Info: Loading plugin: wall
compiz (core) - Info: Starting plugin: wall
compiz (core) - Info: Loading plugin: session
compiz (core) - Info: Starting plugin: session
I/O warning : failed to load external entity "/home/ilya/.compiz/session/10139b7faba2acdcc5141469370583568000000013130001"
compiz (core) - Info: Loading plugin: mousepoll
compiz (core) - Info: Starting plugin: mousepoll
compiz (core) - Info: Loading plugin: imgpng
compiz (core) - Info: Starting plugin: imgpng
compiz (core) - Info: Loading plugin: move
compiz (core) - Info: Starting plugin: move
compiz (core) - Info: Loading plugin: snap
compiz (core) - Info: Starting plugin: snap
compiz (core) - Info: Loading plugin: compiztoolbox
compiz (core) - Info: Starting plugin: compiztoolbox
compiz (core) - Info: Loading plugin: vpswitch
compiz (core) - Info: Starting plugin: vpswitch
compiz (core) - Info: Loading plugin: commands
compiz (core) - Info: Starting plugin: commands
compiz (core) - Info: Loading plugin: grid
compiz (core) - Info: Starting plugin: grid
compiz (core) - Info: Loading plugin: copytex
compiz (core) - Info: Starting plugin: copytex
compiz (core) - Info: Loading plugin: regex
compiz (core) - Info: Starting plugin: regex
compiz (core) - Info: Loading plugin: resize
compiz (core) - Info: Starting plugin: resize
compiz (core) - Info: Loading plugin: unitymtgrabhandles
compiz (core) - Info: Starting plugin: unitymtgrabhandles
compiz (core) - Info: Loading plugin: animation
compiz (core) - Info: Starting plugin: animation
compiz (core) - Info: Loading plugin: workarounds
compiz (core) - Info: Starting plugin: workarounds
compiz (core) - Info: Loading plugin: fade
compiz (core) - Info: Starting plugin: fade
compiz (core) - Info: Loading plugin: expo
compiz (core) - Info: Starting plugin: expo
compiz (core) - Info: Loading plugin: scale
compiz (core) - Info: Starting plugin: scale
compiz (core) - Info: Loading plugin: ezoom
compiz (core) - Info: Starting plugin: ezoom
compiz (core) - Info: Loading plugin: unityshell
compiz (core) - Info: Starting plugin: unityshell
WARN  2014-10-30 18:28:28 unity.screen UScreen.cpp:114 UScreen::GetMonitorName: Failed to get monitor name for monitor0
WARN  2014-10-30 18:28:28 unity.glib.dbus.server GLibDBusServer.cpp:579 Can't register object 'org.gnome.Shell' yet as we don't have a connection, waiting for it...
ERROR 2014-10-30 18:28:28 unity.debug.interface DebugDBusInterface.cpp:216 Unable to load entry point in libxpathselect: libxpathselect.so.1.4: cannot open shared object file: No such file or directory

** (nm-applet:1665): CRITICAL **: nm_secret_agent_register: assertion 'priv->registered == FALSE' failed
WARN  2014-10-30 18:28:28 xim.controller XIMController.cpp:103 IBus natively supported.
WARN  2014-10-30 18:28:28 unity.glib.dbus.server GLibDBusServer.cpp:579 Can't register object 'com.canonical.Unity.Launcher' yet as we don't have a connection, waiting for it...
WARN  2014-10-30 18:28:28 unity.glib.dbus.server GLibDBusServer.cpp:579 Can't register object 'com.canonical.Unity.Dash' yet as we don't have a connection, waiting for it...
WARN  2014-10-30 18:28:28 unity.glib.dbus.server GLibDBusServer.cpp:579 Can't register object 'org.gnome.SessionManager.EndSessionDialog' yet as we don't have a connection, waiting for it...
WARN  2014-10-30 18:28:28 unity.glib.dbus.server GLibDBusServer.cpp:579 Can't register object 'com.canonical.Unity.Session' yet as we don't have a connection, waiting for it...
WARN  2014-10-30 18:28:28 unity.glib.dbus.server GLibDBusServer.cpp:579 Can't register object 'org.gnome.ScreenSaver' yet as we don't have a connection, waiting for it...
ERROR 2014-10-30 18:28:29 unity.glib.dbus.server GLibDBusServer.cpp:524 DBus name lost 'org.gnome.Shell'
ERROR 2014-10-30 18:28:29 unity.glib.dbus.server GLibDBusServer.cpp:524 DBus name lost 'com.canonical.Unity'

(nautilus:1670): GLib-CRITICAL **: Source ID 280 was not found when attempting to remove it

(nautilus:1670): GLib-CRITICAL **: Source ID 281 was not found when attempting to remove it

(nautilus:1670): GLib-CRITICAL **: Source ID 282 was not found when attempting to remove it
gnome-session[1313]: Gdk-WARNING: gnome-session: Fatal IO error 11 (Resource temporarily unavailable) on X server :0.

gnome-session-is-accelerated: llvmpipe detected.
GNOME_KEYRING_CONTROL=/run/user/1000/keyring-3niD4r
GNOME_KEYRING_PID=1424
GNOME_KEYRING_CONTROL=/run/user/1000/keyring-3niD4r
SSH_AUTH_SOCK=/run/user/1000/keyring-3niD4r/ssh
GNOME_KEYRING_CONTROL=/run/user/1000/keyring-3niD4r
SSH_AUTH_SOCK=/run/user/1000/keyring-3niD4r/ssh
GNOME_KEYRING_CONTROL=/run/user/1000/keyring-3niD4r
SSH_AUTH_SOCK=/run/user/1000/keyring-3niD4r/ssh
GPG_AGENT_INFO=/run/user/1000/keyring-3niD4r/gpg:0:1
compiz (core) - Info: Loading plugin: core
compiz (core) - Info: Starting plugin: core
compiz (core) - Info: Loading plugin: ccp
compiz (core) - Info: Starting plugin: ccp
compizconfig - Info: Backend     : gsettings
compizconfig - Info: Integration : true
compizconfig - Info: Profile     : unity
compiz (core) - Info: Loading plugin: composite
compiz (core) - Info: Starting plugin: composite

** (process:1816): CRITICAL **: bluez.vala:104: GDBus.Error:org.bluez.Error.NoSuchAdapter: No such adapter

(process:1815): indicator-application-service-WARNING **: Unable to get watcher name 'org.kde.StatusNotifierWatcher'

(process:1815): indicator-application-service-WARNING **: Name Lost
compiz (core) - Info: Loading plugin: opengl
compiz (core) - Info: Starting plugin: opengl
compiz (core) - Info: Loading plugin: place
compiz (core) - Info: Starting plugin: place
compiz (core) - Info: Loading plugin: wall
compiz (core) - Info: Starting plugin: wall
compiz (core) - Info: Loading plugin: session
compiz (core) - Info: Starting plugin: session
I/O warning : failed to load external entity "/home/ilya/.compiz/session/10669ce4a3fb5ade6f141469375611056100000013040001"
compiz (core) - Info: Loading plugin: mousepoll
compiz (core) - Info: Starting plugin: mousepoll
compiz (core) - Info: Loading plugin: imgpng
compiz (core) - Info: Starting plugin: imgpng
compiz (core) - Info: Loading plugin: move
compiz (core) - Info: Starting plugin: move
compiz (core) - Info: Loading plugin: snap
compiz (core) - Info: Starting plugin: snap
compiz (core) - Info: Loading plugin: compiztoolbox
compiz (core) - Info: Starting plugin: compiztoolbox
compiz (core) - Info: Loading plugin: vpswitch
compiz (core) - Info: Starting plugin: vpswitch
compiz (core) - Info: Loading plugin: commands
compiz (core) - Info: Starting plugin: commands
compiz (core) - Info: Loading plugin: grid
compiz (core) - Info: Starting plugin: grid
compiz (core) - Info: Loading plugin: copytex
compiz (core) - Info: Starting plugin: copytex
compiz (core) - Info: Loading plugin: regex
compiz (core) - Info: Starting plugin: regex
compiz (core) - Info: Loading plugin: resize
compiz (core) - Info: Starting plugin: resize
compiz (core) - Info: Loading plugin: unitymtgrabhandles
compiz (core) - Info: Starting plugin: unitymtgrabhandles
compiz (core) - Info: Loading plugin: animation
compiz (core) - Info: Starting plugin: animation
compiz (core) - Info: Loading plugin: workarounds
compiz (core) - Info: Starting plugin: workarounds
compiz (core) - Info: Loading plugin: fade
compiz (core) - Info: Starting plugin: fade
compiz (core) - Info: Loading plugin: expo
compiz (core) - Info: Starting plugin: expo
compiz (core) - Info: Loading plugin: scale
compiz (core) - Info: Starting plugin: scale
compiz (core) - Info: Loading plugin: ezoom
compiz (core) - Info: Starting plugin: ezoom
compiz (core) - Info: Loading plugin: unityshell
compiz (core) - Info: Starting plugin: unityshell
WARN  2014-10-30 18:29:18 unity.screen UScreen.cpp:114 UScreen::GetMonitorName: Failed to get monitor name for monitor0
WARN  2014-10-30 18:29:18 unity.glib.dbus.server GLibDBusServer.cpp:579 Can't register object 'org.gnome.Shell' yet as we don't have a connection, waiting for it...
ERROR 2014-10-30 18:29:18 unity.debug.interface DebugDBusInterface.cpp:216 Unable to load entry point in libxpathselect: libxpathselect.so.1.4: cannot open shared object file: No such file or directory
WARN  2014-10-30 18:29:18 xim.controller XIMController.cpp:103 IBus natively supported.
WARN  2014-10-30 18:29:18 unity.glib.dbus.server GLibDBusServer.cpp:579 Can't register object 'com.canonical.Unity.Launcher' yet as we don't have a connection, waiting for it...
WARN  2014-10-30 18:29:18 unity.glib.dbus.server GLibDBusServer.cpp:579 Can't register object 'com.canonical.Unity.Dash' yet as we don't have a connection, waiting for it...
WARN  2014-10-30 18:29:18 unity.glib.dbus.server GLibDBusServer.cpp:579 Can't register object 'org.gnome.SessionManager.EndSessionDialog' yet as we don't have a connection, waiting for it...
WARN  2014-10-30 18:29:18 unity.glib.dbus.server GLibDBusServer.cpp:579 Can't register object 'com.canonical.Unity.Session' yet as we don't have a connection, waiting for it...
WARN  2014-10-30 18:29:18 unity.glib.dbus.server GLibDBusServer.cpp:579 Can't register object 'org.gnome.ScreenSaver' yet as we don't have a connection, waiting for it...
ERROR 2014-10-30 18:29:19 unity.glib.dbus.server GLibDBusServer.cpp:524 DBus name lost 'org.gnome.Shell'
ERROR 2014-10-30 18:29:19 unity.glib.dbus.server GLibDBusServer.cpp:524 DBus name lost 'com.canonical.Unity'

(nm-applet:1811): nm-applet-WARNING **: Could not find ShellVersion property on org.gnome.Shell after 5 tries

(nautilus:1814): GLib-CRITICAL **: Source ID 276 was not found when attempting to remove it

(nautilus:1814): GLib-CRITICAL **: Source ID 277 was not found when attempting to remove it

(nautilus:1814): GLib-CRITICAL **: Source ID 278 was not found when attempting to remove it

(nm-applet:1811): Gdk-WARNING **: nm-applet: Fatal IO error 11 (Resource temporarily unavailable) on X server :0.

gnome-session[1304]: Gdk-WARNING: gnome-session: Fatal IO error 2 (No such file or directory) on X server :0.


(unity-fallback-mount-helper:1812): Gdk-WARNING **: unity-fallback-mount-helper: Fatal IO error 0 (Success) on X server :0.

gnome-session-is-accelerated: llvmpipe detected.
GNOME_KEYRING_CONTROL=/run/user/1000/keyring-C2e0rp
GNOME_KEYRING_PID=1403
GNOME_KEYRING_CONTROL=/run/user/1000/keyring-C2e0rp
SSH_AUTH_SOCK=/run/user/1000/keyring-C2e0rp/ssh
GNOME_KEYRING_CONTROL=/run/user/1000/keyring-C2e0rp
SSH_AUTH_SOCK=/run/user/1000/keyring-C2e0rp/ssh
GNOME_KEYRING_CONTROL=/run/user/1000/keyring-C2e0rp
SSH_AUTH_SOCK=/run/user/1000/keyring-C2e0rp/ssh
GPG_AGENT_INFO=/run/user/1000/keyring-C2e0rp/gpg:0:1
compiz (core) - Info: Loading plugin: core
compiz (core) - Info: Starting plugin: core
compiz (core) - Info: Loading plugin: ccp
compiz (core) - Info: Starting plugin: ccp
compizconfig - Info: Backend     : gsettings
compizconfig - Info: Integration : true
compizconfig - Info: Profile     : unity
compiz (core) - Info: Loading plugin: composite
compiz (core) - Info: Starting plugin: composite

** (process:1917): CRITICAL **: bluez.vala:104: GDBus.Error:org.bluez.Error.NoSuchAdapter: No such adapter

(process:1916): indicator-application-service-WARNING **: Unable to get watcher name 'org.kde.StatusNotifierWatcher'

(process:1916): indicator-application-service-WARNING **: Name Lost
compiz (core) - Info: Loading plugin: opengl
compiz (core) - Info: Starting plugin: opengl
compiz (core) - Info: Loading plugin: place
compiz (core) - Info: Starting plugin: place
compiz (core) - Info: Loading plugin: wall
compiz (core) - Info: Starting plugin: wall
compiz (core) - Info: Loading plugin: session
compiz (core) - Info: Starting plugin: session
I/O warning : failed to load external entity "/home/ilya/.compiz/session/1057bfaebe873b227141469380014885700000013100001"
compiz (core) - Info: Loading plugin: mousepoll
compiz (core) - Info: Starting plugin: mousepoll
compiz (core) - Info: Loading plugin: imgpng
compiz (core) - Info: Starting plugin: imgpng
compiz (core) - Info: Loading plugin: move
compiz (core) - Info: Starting plugin: move
compiz (core) - Info: Loading plugin: snap
compiz (core) - Info: Starting plugin: snap
compiz (core) - Info: Loading plugin: compiztoolbox
compiz (core) - Info: Starting plugin: compiztoolbox
compiz (core) - Info: Loading plugin: vpswitch
compiz (core) - Info: Starting plugin: vpswitch
compiz (core) - Info: Loading plugin: commands
compiz (core) - Info: Starting plugin: commands
compiz (core) - Info: Loading plugin: grid
compiz (core) - Info: Starting plugin: grid
compiz (core) - Info: Loading plugin: copytex
compiz (core) - Info: Starting plugin: copytex
compiz (core) - Info: Loading plugin: regex
compiz (core) - Info: Starting plugin: regex
compiz (core) - Info: Loading plugin: resize
compiz (core) - Info: Starting plugin: resize
compiz (core) - Info: Loading plugin: unitymtgrabhandles
compiz (core) - Info: Starting plugin: unitymtgrabhandles
compiz (core) - Info: Loading plugin: animation
compiz (core) - Info: Starting plugin: animation
compiz (core) - Info: Loading plugin: workarounds
compiz (core) - Info: Starting plugin: workarounds
compiz (core) - Info: Loading plugin: fade
compiz (core) - Info: Starting plugin: fade
compiz (core) - Info: Loading plugin: expo
compiz (core) - Info: Starting plugin: expo
compiz (core) - Info: Loading plugin: scale
compiz (core) - Info: Starting plugin: scale
compiz (core) - Info: Loading plugin: ezoom
compiz (core) - Info: Starting plugin: ezoom
compiz (core) - Info: Loading plugin: unityshell
compiz (core) - Info: Starting plugin: unityshell
WARN  2014-10-30 18:30:02 unity.screen UScreen.cpp:114 UScreen::GetMonitorName: Failed to get monitor name for monitor0
WARN  2014-10-30 18:30:02 unity.glib.dbus.server GLibDBusServer.cpp:579 Can't register object 'org.gnome.Shell' yet as we don't have a connection, waiting for it...
ERROR 2014-10-30 18:30:02 unity.debug.interface DebugDBusInterface.cpp:216 Unable to load entry point in libxpathselect: libxpathselect.so.1.4: cannot open shared object file: No such file or directory
WARN  2014-10-30 18:30:02 xim.controller XIMController.cpp:103 IBus natively supported.
WARN  2014-10-30 18:30:03 unity.glib.dbus.server GLibDBusServer.cpp:579 Can't register object 'com.canonical.Unity.Launcher' yet as we don't have a connection, waiting for it...
WARN  2014-10-30 18:30:03 unity.glib.dbus.server GLibDBusServer.cpp:579 Can't register object 'com.canonical.Unity.Dash' yet as we don't have a connection, waiting for it...
WARN  2014-10-30 18:30:03 unity.glib.dbus.server GLibDBusServer.cpp:579 Can't register object 'org.gnome.SessionManager.EndSessionDialog' yet as we don't have a connection, waiting for it...
WARN  2014-10-30 18:30:03 unity.glib.dbus.server GLibDBusServer.cpp:579 Can't register object 'com.canonical.Unity.Session' yet as we don't have a connection, waiting for it...
WARN  2014-10-30 18:30:03 unity.glib.dbus.server GLibDBusServer.cpp:579 Can't register object 'org.gnome.ScreenSaver' yet as we don't have a connection, waiting for it...
ERROR 2014-10-30 18:30:03 unity.glib.dbus.server GLibDBusServer.cpp:524 DBus name lost 'org.gnome.Shell'
ERROR 2014-10-30 18:30:03 unity.glib.dbus.server GLibDBusServer.cpp:524 DBus name lost 'com.canonical.Unity'

(nautilus:1915): GLib-CRITICAL **: Source ID 281 was not found when attempting to remove it

(nautilus:1915): GLib-CRITICAL **: Source ID 282 was not found when attempting to remove it

(nautilus:1915): GLib-CRITICAL **: Source ID 283 was not found when attempting to remove it
gnome-session[1310]: Gdk-WARNING: gnome-session: Fatal IO error 11 (Resource temporarily unavailable) on X server :0.


(unity-fallback-mount-helper:1913): Gdk-WARNING **: unity-fallback-mount-helper: Fatal IO error 11 (Resource temporarily unavailable) on X server :0.


(nm-applet:1912): Gdk-WARNING **: nm-applet: Fatal IO error 11 (Resource temporarily unavailable) on X server :0.

gnome-session-is-accelerated: llvmpipe detected.
GNOME_KEYRING_CONTROL=/run/user/1000/keyring-mOPLyD
GNOME_KEYRING_PID=1384
GNOME_KEYRING_CONTROL=/run/user/1000/keyring-mOPLyD
SSH_AUTH_SOCK=/run/user/1000/keyring-mOPLyD/ssh
GNOME_KEYRING_CONTROL=/run/user/1000/keyring-mOPLyD
SSH_AUTH_SOCK=/run/user/1000/keyring-mOPLyD/ssh
GNOME_KEYRING_CONTROL=/run/user/1000/keyring-mOPLyD
SSH_AUTH_SOCK=/run/user/1000/keyring-mOPLyD/ssh
GPG_AGENT_INFO=/run/user/1000/keyring-mOPLyD/gpg:0:1
compiz (core) - Info: Loading plugin: core
compiz (core) - Info: Starting plugin: core
compiz (core) - Info: Loading plugin: ccp
compiz (core) - Info: Starting plugin: ccp
compizconfig - Info: Backend     : gsettings
compizconfig - Info: Integration : true
compizconfig - Info: Profile     : unity
compiz (core) - Info: Loading plugin: composite
compiz (core) - Info: Starting plugin: composite

(process:1886): indicator-application-service-WARNING **: Unable to get watcher name 'org.kde.StatusNotifierWatcher'

(process:1886): indicator-application-service-WARNING **: Name Lost
compiz (core) - Info: Loading plugin: opengl

** (process:1887): CRITICAL **: bluez.vala:104: GDBus.Error:org.bluez.Error.NoSuchAdapter: No such adapter
compiz (core) - Info: Starting plugin: opengl
compiz (core) - Info: Loading plugin: place
compiz (core) - Info: Starting plugin: place
compiz (core) - Info: Loading plugin: wall
compiz (core) - Info: Starting plugin: wall
compiz (core) - Info: Loading plugin: session
compiz (core) - Info: Starting plugin: session
I/O warning : failed to load external entity "/home/ilya/.compiz/session/105bced327a7ca87ec141469401336914000000012960001"
compiz (core) - Info: Loading plugin: mousepoll
compiz (core) - Info: Starting plugin: mousepoll
compiz (core) - Info: Loading plugin: imgpng
compiz (core) - Info: Starting plugin: imgpng
compiz (core) - Info: Loading plugin: move
compiz (core) - Info: Starting plugin: move
compiz (core) - Info: Loading plugin: snap
compiz (core) - Info: Starting plugin: snap
compiz (core) - Info: Loading plugin: compiztoolbox
compiz (core) - Info: Starting plugin: compiztoolbox
compiz (core) - Info: Loading plugin: vpswitch
compiz (core) - Info: Starting plugin: vpswitch
compiz (core) - Info: Loading plugin: commands
compiz (core) - Info: Starting plugin: commands
compiz (core) - Info: Loading plugin: grid
compiz (core) - Info: Starting plugin: grid
compiz (core) - Info: Loading plugin: copytex
compiz (core) - Info: Starting plugin: copytex
compiz (core) - Info: Loading plugin: regex
compiz (core) - Info: Starting plugin: regex
compiz (core) - Info: Loading plugin: resize
compiz (core) - Info: Starting plugin: resize
compiz (core) - Info: Loading plugin: unitymtgrabhandles
compiz (core) - Info: Starting plugin: unitymtgrabhandles
compiz (core) - Info: Loading plugin: animation
compiz (core) - Info: Starting plugin: animation
compiz (core) - Info: Loading plugin: workarounds
compiz (core) - Info: Starting plugin: workarounds
compiz (core) - Info: Loading plugin: fade
compiz (core) - Info: Starting plugin: fade
compiz (core) - Info: Loading plugin: expo
compiz (core) - Info: Starting plugin: expo
compiz (core) - Info: Loading plugin: scale
compiz (core) - Info: Starting plugin: scale
compiz (core) - Info: Loading plugin: ezoom
compiz (core) - Info: Starting plugin: ezoom
compiz (core) - Info: Loading plugin: unityshell
compiz (core) - Info: Starting plugin: unityshell
WARN  2014-10-30 18:33:37 unity.screen UScreen.cpp:114 UScreen::GetMonitorName: Failed to get monitor name for monitor0
WARN  2014-10-30 18:33:37 unity.glib.dbus.server GLibDBusServer.cpp:579 Can't register object 'org.gnome.Shell' yet as we don't have a connection, waiting for it...
ERROR 2014-10-30 18:33:37 unity.debug.interface DebugDBusInterface.cpp:216 Unable to load entry point in libxpathselect: libxpathselect.so.1.4: cannot open shared object file: No such file or directory
WARN  2014-10-30 18:33:37 xim.controller XIMController.cpp:103 IBus natively supported.
WARN  2014-10-30 18:33:37 unity.glib.dbus.server GLibDBusServer.cpp:579 Can't register object 'com.canonical.Unity.Launcher' yet as we don't have a connection, waiting for it...
WARN  2014-10-30 18:33:37 unity.glib.dbus.server GLibDBusServer.cpp:579 Can't register object 'com.canonical.Unity.Dash' yet as we don't have a connection, waiting for it...
WARN  2014-10-30 18:33:37 unity.glib.dbus.server GLibDBusServer.cpp:579 Can't register object 'org.gnome.SessionManager.EndSessionDialog' yet as we don't have a connection, waiting for it...
WARN  2014-10-30 18:33:37 unity.glib.dbus.server GLibDBusServer.cpp:579 Can't register object 'com.canonical.Unity.Session' yet as we don't have a connection, waiting for it...
WARN  2014-10-30 18:33:37 unity.glib.dbus.server GLibDBusServer.cpp:579 Can't register object 'org.gnome.ScreenSaver' yet as we don't have a connection, waiting for it...
ERROR 2014-10-30 18:33:38 unity.glib.dbus.server GLibDBusServer.cpp:524 DBus name lost 'org.gnome.Shell'
ERROR 2014-10-30 18:33:38 unity.glib.dbus.server GLibDBusServer.cpp:524 DBus name lost 'com.canonical.Unity'
WARN  2014-10-30 18:33:43 unity.iconloader IconLoader.cpp:755 Unable to load icon file:/// at size -1x22: Can't open directory

(gnome-terminal:2114): GLib-GIO-CRITICAL **: g_settings_get: the format string may not contain '&' (key 'monospace-font-name' from schema 'org.gnome.desktop.interface'). This call will probably stop working with a future version of glib.

(nm-applet:1881): nm-applet-WARNING **: Could not find ShellVersion property on org.gnome.Shell after 5 tries

** (zeitgeist-datahub:2210): WARNING **: zeitgeist-datahub.vala:229: Unable to get name "org.gnome.zeitgeist.datahub" on the bus!

(process:2209): GLib-CRITICAL **: g_slice_set_config: assertion 'sys_page_size == 0' failed
/var/lib/dpkg/lock: 
1414694518455	addons.repository	WARN	Unknown type id when parsing addon: 5
1414694518456	addons.repository	WARN	Unknown type id when parsing addon: 5

(firefox:2209): Gtk-CRITICAL **: IA__gtk_clipboard_set_with_data: assertion 'targets != NULL' failed
1414694518621	addons.update-checker	WARN	Update manifest for {972ce4c6-7e08-4474-a285-3208198ce6fd} did not contain an updates property
1414694518948	addons.update-checker	WARN	Update manifest for {2e1445b0-2682-11e1-bfc2-0800200c9a66} did not contain an updates property
1414694518954	addons.update-checker	WARN	Update manifest for ubufox@ubuntu.com did not contain an updates property
1414694518961	addons.update-checker	WARN	Update manifest for online-accounts@lists.launchpad.net did not contain an updates property
1414694518963	addons.update-checker	WARN	Update manifest for webapps-team@lists.launchpad.net did not contain an updates property
1414694519157	addons.xpi	WARN	Exception running bootstrap method uninstall on firefox-hotfix@mozilla.org: TypeError: this._s is null (resource://firefox-hotfix/update.jsm:667:8) JS Stack trace: UpgradeManager.prototype._cleanup@update.jsm:667:9 < UpgradeManager.prototype.addonManagerUninstall@update.jsm:738:5 < uninstall@resource://gre/modules/addons/XPIProvider.jsm -> jar:file:///home/ilya/.mozilla/firefox/e5w68nlm.default/extensions/firefox-hotfix@bootstrap.js:80:5 < XPI_callBootstrapMethod@XPIProvider.jsm:4232:9 < XPI_uninstallAddon@XPIProvider.jsm:4472:1 < AddonWrapper_uninstall@XPIProvider.jsm:6693:5 < install/<@resource://gre/modules/addons/XPIProvider.jsm -> jar:file:///home/ilya/.mozilla/firefox/e5w68nlm.default/extensions/firefox-hotfix@bootstrap.js:42:7 < safeCall@AddonManager.jsm:166:5 < getAddonByID_safeCall@AddonManager.jsm:1938:13 < getAddonByID_getVisibleAddonForID@XPIProvider.jsm:3624:7 < makeSafe/<@XPIProviderUtils.js:146:17 < completeAddon@XPIProviderUtils.js:135:5 < getAddon@AddonRepository.jsm:563:7 < AddonRepo_getCachedAddonByID@AddonRepository.jsm:595:5 < getRepositoryAddon@XPIProviderUtils.js:137:3 < this.XPIDatabase.getAddon/<@XPIProviderUtils.js:1091:9 < Handler.prototype.process@Promise-backend.js:863:11 < this.PromiseWalker.walkerLoop@Promise-backend.js:742:7

(firefox:2209): Gtk-CRITICAL **: IA__gtk_clipboard_set_with_data: assertion 'targets != NULL' failed
ATTENTION: default value of option force_s3tc_enable overridden by environment.

(firefox:2209): Gtk-CRITICAL **: IA__gtk_clipboard_set_with_data: assertion 'targets != NULL' failed
